<?xml version="1.0" encoding="UTF-8"?>
<testng-results ignored="0" total="2" passed="2" failed="0" skipped="0">
  <reporter-output>
  </reporter-output>
  <suite started-at="2019-10-22T17:16:21 IST" name="Default suite" finished-at="2019-10-22T17:16:54 IST" duration-ms="33563">
    <groups>
    </groups>
    <test started-at="2019-10-22T17:16:21 IST" name="Default test" finished-at="2019-10-22T17:16:54 IST" duration-ms="33563">
      <class name="selenium_practice.FacebookSignup">
        <test-method is-config="true" signature="setup()[pri:0, instance:selenium_practice.FacebookSignup@5c90e579]" started-at="2019-10-22T17:16:21 IST" name="setup" finished-at="2019-10-22T17:16:26 IST" duration-ms="5376" status="PASS">
          <reporter-output>
          </reporter-output>
        </test-method> <!-- setup -->
        <test-method signature="forgetPassword()[pri:0, instance:selenium_practice.FacebookSignup@5c90e579]" started-at="2019-10-22T17:16:26 IST" name="forgetPassword" finished-at="2019-10-22T17:16:49 IST" duration-ms="23221" status="PASS">
          <reporter-output>
          </reporter-output>
        </test-method> <!-- forgetPassword -->
        <test-method is-config="true" signature="tearDown()[pri:0, instance:selenium_practice.FacebookSignup@5c90e579]" started-at="2019-10-22T17:16:49 IST" name="tearDown" finished-at="2019-10-22T17:16:49 IST" duration-ms="1" status="PASS">
          <reporter-output>
          </reporter-output>
        </test-method> <!-- tearDown -->
        <test-method is-config="true" signature="setup()[pri:0, instance:selenium_practice.FacebookSignup@5c90e579]" started-at="2019-10-22T17:16:49 IST" name="setup" finished-at="2019-10-22T17:16:54 IST" duration-ms="4913" status="PASS">
          <reporter-output>
          </reporter-output>
        </test-method> <!-- setup -->
        <test-method signature="signUp()[pri:0, instance:selenium_practice.FacebookSignup@5c90e579]" started-at="2019-10-22T17:16:54 IST" name="signUp" finished-at="2019-10-22T17:16:54 IST" duration-ms="1" status="PASS">
          <reporter-output>
          </reporter-output>
        </test-method> <!-- signUp -->
        <test-method is-config="true" signature="tearDown()[pri:0, instance:selenium_practice.FacebookSignup@5c90e579]" started-at="2019-10-22T17:16:54 IST" name="tearDown" finished-at="2019-10-22T17:16:54 IST" duration-ms="0" status="PASS">
          <reporter-output>
          </reporter-output>
        </test-method> <!-- tearDown -->
      </class> <!-- selenium_practice.FacebookSignup -->
    </test> <!-- Default test -->
  </suite> <!-- Default suite -->
</testng-results>
